<?xml version="1.0" encoding="UTF-8"?>
<testng-results ignored="0" total="2" passed="2" failed="0" skipped="0">
  <reporter-output>
  </reporter-output>
  <suite started-at="2022-02-13T13:39:57 IST" name="Default suite" finished-at="2022-02-13T13:40:13 IST" duration-ms="16640">
    <groups>
    </groups>
    <test started-at="2022-02-13T13:39:57 IST" name="Default test" finished-at="2022-02-13T13:40:13 IST" duration-ms="16640">
      <class name="com.test.hybrid.UITest.LoginPageTest">
        <test-method is-config="true" signature="beforeMethod()[pri:0, instance:com.test.hybrid.UITest.LoginPageTest@6392827e]" started-at="2022-02-13T13:39:57 IST" name="beforeMethod" finished-at="2022-02-13T13:40:04 IST" duration-ms="7074" status="PASS">
          <reporter-output>
          </reporter-output>
        </test-method> <!-- beforeMethod -->
        <test-method signature="f1()[pri:1, instance:com.test.hybrid.UITest.LoginPageTest@6392827e]" started-at="2022-02-13T13:40:04 IST" name="f1" finished-at="2022-02-13T13:40:04 IST" duration-ms="35" status="PASS">
          <reporter-output>
          </reporter-output>
        </test-method> <!-- f1 -->
        <test-method is-config="true" signature="afterMethod()[pri:0, instance:com.test.hybrid.UITest.LoginPageTest@6392827e]" started-at="2022-02-13T13:40:04 IST" name="afterMethod" finished-at="2022-02-13T13:40:04 IST" duration-ms="494" status="PASS">
          <reporter-output>
          </reporter-output>
        </test-method> <!-- afterMethod -->
        <test-method is-config="true" signature="beforeMethod()[pri:0, instance:com.test.hybrid.UITest.LoginPageTest@6392827e]" started-at="2022-02-13T13:40:04 IST" name="beforeMethod" finished-at="2022-02-13T13:40:12 IST" duration-ms="7705" status="PASS">
          <reporter-output>
          </reporter-output>
        </test-method> <!-- beforeMethod -->
        <test-method signature="f2()[pri:2, instance:com.test.hybrid.UITest.LoginPageTest@6392827e]" started-at="2022-02-13T13:40:12 IST" name="f2" finished-at="2022-02-13T13:40:12 IST" duration-ms="432" status="PASS">
          <reporter-output>
          </reporter-output>
        </test-method> <!-- f2 -->
        <test-method is-config="true" signature="afterMethod()[pri:0, instance:com.test.hybrid.UITest.LoginPageTest@6392827e]" started-at="2022-02-13T13:40:12 IST" name="afterMethod" finished-at="2022-02-13T13:40:13 IST" duration-ms="836" status="PASS">
          <reporter-output>
          </reporter-output>
        </test-method> <!-- afterMethod -->
      </class> <!-- com.test.hybrid.UITest.LoginPageTest -->
    </test> <!-- Default test -->
  </suite> <!-- Default suite -->
</testng-results>
