<?xml version="1.0" encoding="UTF-8"?>
<testng-results ignored="0" total="1" passed="1" failed="0" skipped="0">
  <reporter-output>
  </reporter-output>
  <suite started-at="2022-02-23T22:44:34 IST" name="Default suite" finished-at="2022-02-23T22:45:24 IST" duration-ms="50348">
    <groups>
    </groups>
    <test started-at="2022-02-23T22:44:34 IST" name="Default test" finished-at="2022-02-23T22:45:24 IST" duration-ms="50348">
      <class name="NewTest">
        <test-method is-config="true" signature="setup()[pri:0, instance:NewTest@4d5b6aac]" started-at="2022-02-23T22:44:34 IST" name="setup" finished-at="2022-02-23T22:44:44 IST" duration-ms="10351" status="PASS">
          <reporter-output>
          </reporter-output>
        </test-method> <!-- setup -->
        <test-method is-config="true" signature="beforeMethod()[pri:0, instance:NewTest@4d5b6aac]" started-at="2022-02-23T22:44:44 IST" name="beforeMethod" finished-at="2022-02-23T22:44:52 IST" duration-ms="7576" status="PASS">
          <reporter-output>
          </reporter-output>
        </test-method> <!-- beforeMethod -->
        <test-method signature="flipkart()[pri:0, instance:NewTest@4d5b6aac]" started-at="2022-02-23T22:44:52 IST" name="flipkart" finished-at="2022-02-23T22:45:24 IST" duration-ms="32305" status="PASS">
          <reporter-output>
          </reporter-output>
        </test-method> <!-- flipkart -->
        <test-method is-config="true" signature="afterMethod()[pri:0, instance:NewTest@4d5b6aac]" started-at="2022-02-23T22:45:24 IST" name="afterMethod" finished-at="2022-02-23T22:45:24 IST" duration-ms="1" status="PASS">
          <reporter-output>
          </reporter-output>
        </test-method> <!-- afterMethod -->
        <test-method is-config="true" signature="afterSuite()[pri:0, instance:NewTest@4d5b6aac]" started-at="2022-02-23T22:45:24 IST" name="afterSuite" finished-at="2022-02-23T22:45:24 IST" duration-ms="0" status="PASS">
          <reporter-output>
          </reporter-output>
        </test-method> <!-- afterSuite -->
      </class> <!-- NewTest -->
    </test> <!-- Default test -->
  </suite> <!-- Default suite -->
</testng-results>
